<?xml version="1.0" encoding="UTF-8"?>
<!-- Generated by org.testng.reporters.JUnitReportReporter -->
<testsuite skipped="0" hostname="LAPTOP-9LB5Q4CJ" name="resourcesCommon.trytest" tests="1" failures="0" timestamp="03 May 2018 14:21:49 GMT" time="3.428" errors="0">
  <testcase name="testss" time="3.428" classname="resourcesCommon.trytest"/>
</testsuite> <!-- resourcesCommon.trytest -->
