<?xml version="1.0" encoding="UTF-8"?>
<!-- Generated by org.testng.reporters.JUnitReportReporter -->
<testsuite skipped="0" hostname="LAPTOP-9LB5Q4CJ" name="com.apitesting.TestAPI.GETTEST" tests="1" failures="0" timestamp="02 May 2018 19:18:53 GMT" time="3.493" errors="0">
  <testcase name="test_05_check_getapi_assert_response_multiple" time="3.493" classname="com.apitesting.TestAPI.GETTEST"/>
</testsuite> <!-- com.apitesting.TestAPI.GETTEST -->
