<?xml version="1.0" encoding="UTF-8"?>
<!-- Generated by org.testng.reporters.JUnitReportReporter -->
<testsuite skipped="0" hostname="LAPTOP-9LB5Q4CJ" name="resourcesCommon.commonlibsmethods" tests="3" failures="0" timestamp="02 May 2018 13:05:26 GMT" time="2.005" errors="0">
  <testcase name="loaduniqueemail" time="0.014" classname="resourcesCommon.commonlibsmethods"/>
  <testcase name="loaduniquenumber" time="0.002" classname="resourcesCommon.commonlibsmethods"/>
  <testcase name="postreq12" time="1.989" classname="resourcesCommon.commonlibsmethods"/>
</testsuite> <!-- resourcesCommon.commonlibsmethods -->
