<?xml version="1.0" encoding="UTF-8"?>
<!-- Generated by org.testng.reporters.JUnitReportReporter -->
<testsuite skipped="0" hostname="LAPTOP-9LB5Q4CJ" name="com.apitesting.TestAPI.pro1" tests="1" failures="0" timestamp="30 Apr 2018 12:35:27 GMT" time="3.073" errors="0">
  <testcase name="test" time="3.073" classname="com.apitesting.TestAPI.pro1"/>
</testsuite> <!-- com.apitesting.TestAPI.pro1 -->
