<?xml version="1.0" encoding="UTF-8"?>
<!-- Generated by org.testng.reporters.JUnitReportReporter -->
<testsuite skipped="0" hostname="LAPTOP-9LB5Q4CJ" name="com.apitesting.TestAPI.APITestCase" tests="1" failures="0" timestamp="30 Apr 2018 08:35:55 GMT" time="3.289" errors="0">
  <testcase name="Test_10" time="3.289" classname="com.apitesting.TestAPI.APITestCase"/>
</testsuite> <!-- com.apitesting.TestAPI.APITestCase -->
