<?xml version="1.0" encoding="UTF-8"?>
<!-- Generated by org.testng.reporters.JUnitReportReporter -->
<testsuite skipped="0" hostname="LAPTOP-9LB5Q4CJ" name="ApachiPOI.newr" tests="1" failures="0" timestamp="02 May 2018 06:48:57 GMT" time="3.320" errors="0">
  <testcase name="Test_01_CheckAPIGETURLStatus" time="3.320" classname="ApachiPOI.newr"/>
</testsuite> <!-- ApachiPOI.newr -->
