<?xml version="1.0" encoding="UTF-8"?>
<!-- Generated by org.testng.reporters.JUnitReportReporter -->
<testsuite skipped="0" hostname="LAPTOP-9LB5Q4CJ" name="Atu.teeee" tests="1" failures="0" timestamp="06 May 2018 10:55:59 GMT" time="0.075" errors="0">
  <testcase name="verify_Menus" time="0.075" classname="Atu.teeee"/>
</testsuite> <!-- Atu.teeee -->
