<?xml version="1.0" encoding="UTF-8"?>
<!-- Generated by org.testng.reporters.JUnitReportReporter -->
<testsuite skipped="0" hostname="LAPTOP-9LB5Q4CJ" name="com.apitesting.TestAPI.newr" tests="1" failures="0" timestamp="02 May 2018 07:38:18 GMT" time="2.839" errors="0">
  <testcase name="Test_01_CheckAPIGETURLStatus" time="2.839" classname="com.apitesting.TestAPI.newr"/>
</testsuite> <!-- com.apitesting.TestAPI.newr -->
