<?xml version="1.0" encoding="UTF-8"?>
<!-- Generated by org.testng.reporters.JUnitReportReporter -->
<testsuite skipped="0" hostname="LAPTOP-9LB5Q4CJ" name="ApachiPOI.readexcelbyname" tests="2" failures="0" timestamp="02 May 2018 12:40:21 GMT" time="0.026" errors="0">
  <testcase name="loaduniqueemail" time="0.021" classname="ApachiPOI.readexcelbyname"/>
  <testcase name="loaduniquenumber" time="0.005" classname="ApachiPOI.readexcelbyname"/>
</testsuite> <!-- ApachiPOI.readexcelbyname -->
